This is pdfTeX, Version 3.14159265-2.6-1.40.16 (TeX Live 2015) (preloaded format=pdflatex 2017.10.2)  7 DEC 2017 11:38
entering extended mode
 restricted \write18 enabled.
 %&-line parsing enabled.
**summary.tex
(./summary.tex
LaTeX2e <2015/01/01>
Babel <3.9l> and hyphenation patterns for 79 languages loaded.

(/usr/sepp1.5.1/drwho/pack-a/texlive-20150629-ro/texmf-dist/tex/latex/base/arti
cle.cls
Document Class: article 2014/09/29 v1.4h Standard LaTeX document class

(/usr/sepp1.5.1/drwho/pack-a/texlive-20150629-ro/texmf-dist/tex/latex/base/size
11.clo
File: size11.clo 2014/09/29 v1.4h Standard LaTeX file (size option)
)
\c@part=\count79
\c@section=\count80
\c@subsection=\count81
\c@subsubsection=\count82
\c@paragraph=\count83
\c@subparagraph=\count84
\c@figure=\count85
\c@table=\count86
\abovecaptionskip=\skip41
\belowcaptionskip=\skip42
\bibindent=\dimen102
)
(/usr/sepp1.5.1/drwho/pack-a/texlive-20150629-ro/texmf-dist/tex/latex/base/inpu
tenc.sty
Package: inputenc 2015/03/17 v1.2c Input encoding file
\inpenc@prehook=\toks14
\inpenc@posthook=\toks15

(/usr/sepp1.5.1/drwho/pack-a/texlive-20150629-ro/texmf-dist/tex/latex/base/utf8
.def
File: utf8.def 2014/09/29 v1.1m UTF-8 support for inputenc
Now handling font encoding OML ...
... no UTF-8 mapping file for font encoding OML
Now handling font encoding T1 ...
... processing UTF-8 mapping file for font encoding T1

(/usr/sepp1.5.1/drwho/pack-a/texlive-20150629-ro/texmf-dist/tex/latex/base/t1en
c.dfu
File: t1enc.dfu 2014/09/29 v1.1m UTF-8 support for inputenc
   defining Unicode char U+00A1 (decimal 161)
   defining Unicode char U+00A3 (decimal 163)
   defining Unicode char U+00AB (decimal 171)
   defining Unicode char U+00BB (decimal 187)
   defining Unicode char U+00BF (decimal 191)
   defining Unicode char U+00C0 (decimal 192)
   defining Unicode char U+00C1 (decimal 193)
   defining Unicode char U+00C2 (decimal 194)
   defining Unicode char U+00C3 (decimal 195)
   defining Unicode char U+00C4 (decimal 196)
   defining Unicode char U+00C5 (decimal 197)
   defining Unicode char U+00C6 (decimal 198)
   defining Unicode char U+00C7 (decimal 199)
   defining Unicode char U+00C8 (decimal 200)
   defining Unicode char U+00C9 (decimal 201)
   defining Unicode char U+00CA (decimal 202)
   defining Unicode char U+00CB (decimal 203)
   defining Unicode char U+00CC (decimal 204)
   defining Unicode char U+00CD (decimal 205)
   defining Unicode char U+00CE (decimal 206)
   defining Unicode char U+00CF (decimal 207)
   defining Unicode char U+00D0 (decimal 208)
   defining Unicode char U+00D1 (decimal 209)
   defining Unicode char U+00D2 (decimal 210)
   defining Unicode char U+00D3 (decimal 211)
   defining Unicode char U+00D4 (decimal 212)
   defining Unicode char U+00D5 (decimal 213)
   defining Unicode char U+00D6 (decimal 214)
   defining Unicode char U+00D8 (decimal 216)
   defining Unicode char U+00D9 (decimal 217)
   defining Unicode char U+00DA (decimal 218)
   defining Unicode char U+00DB (decimal 219)
   defining Unicode char U+00DC (decimal 220)
   defining Unicode char U+00DD (decimal 221)
   defining Unicode char U+00DE (decimal 222)
   defining Unicode char U+00DF (decimal 223)
   defining Unicode char U+00E0 (decimal 224)
   defining Unicode char U+00E1 (decimal 225)
   defining Unicode char U+00E2 (decimal 226)
   defining Unicode char U+00E3 (decimal 227)
   defining Unicode char U+00E4 (decimal 228)
   defining Unicode char U+00E5 (decimal 229)
   defining Unicode char U+00E6 (decimal 230)
   defining Unicode char U+00E7 (decimal 231)
   defining Unicode char U+00E8 (decimal 232)
   defining Unicode char U+00E9 (decimal 233)
   defining Unicode char U+00EA (decimal 234)
   defining Unicode char U+00EB (decimal 235)
   defining Unicode char U+00EC (decimal 236)
   defining Unicode char U+00ED (decimal 237)
   defining Unicode char U+00EE (decimal 238)
   defining Unicode char U+00EF (decimal 239)
   defining Unicode char U+00F0 (decimal 240)
   defining Unicode char U+00F1 (decimal 241)
   defining Unicode char U+00F2 (decimal 242)
   defining Unicode char U+00F3 (decimal 243)
   defining Unicode char U+00F4 (decimal 244)
   defining Unicode char U+00F5 (decimal 245)
   defining Unicode char U+00F6 (decimal 246)
   defining Unicode char U+00F8 (decimal 248)
   defining Unicode char U+00F9 (decimal 249)
   defining Unicode char U+00FA (decimal 250)
   defining Unicode char U+00FB (decimal 251)
   defining Unicode char U+00FC (decimal 252)
   defining Unicode char U+00FD (decimal 253)
   defining Unicode char U+00FE (decimal 254)
   defining Unicode char U+00FF (decimal 255)
   defining Unicode char U+0102 (decimal 258)
   defining Unicode char U+0103 (decimal 259)
   defining Unicode char U+0104 (decimal 260)
   defining Unicode char U+0105 (decimal 261)
   defining Unicode char U+0106 (decimal 262)
   defining Unicode char U+0107 (decimal 263)
   defining Unicode char U+010C (decimal 268)
   defining Unicode char U+010D (decimal 269)
   defining Unicode char U+010E (decimal 270)
   defining Unicode char U+010F (decimal 271)
   defining Unicode char U+0110 (decimal 272)
   defining Unicode char U+0111 (decimal 273)
   defining Unicode char U+0118 (decimal 280)
   defining Unicode char U+0119 (decimal 281)
   defining Unicode char U+011A (decimal 282)
   defining Unicode char U+011B (decimal 283)
   defining Unicode char U+011E (decimal 286)
   defining Unicode char U+011F (decimal 287)
   defining Unicode char U+0130 (decimal 304)
   defining Unicode char U+0131 (decimal 305)
   defining Unicode char U+0132 (decimal 306)
   defining Unicode char U+0133 (decimal 307)
   defining Unicode char U+0139 (decimal 313)
   defining Unicode char U+013A (decimal 314)
   defining Unicode char U+013D (decimal 317)
   defining Unicode char U+013E (decimal 318)
   defining Unicode char U+0141 (decimal 321)
   defining Unicode char U+0142 (decimal 322)
   defining Unicode char U+0143 (decimal 323)
   defining Unicode char U+0144 (decimal 324)
   defining Unicode char U+0147 (decimal 327)
   defining Unicode char U+0148 (decimal 328)
   defining Unicode char U+014A (decimal 330)
   defining Unicode char U+014B (decimal 331)
   defining Unicode char U+0150 (decimal 336)
   defining Unicode char U+0151 (decimal 337)
   defining Unicode char U+0152 (decimal 338)
   defining Unicode char U+0153 (decimal 339)
   defining Unicode char U+0154 (decimal 340)
   defining Unicode char U+0155 (decimal 341)
   defining Unicode char U+0158 (decimal 344)
   defining Unicode char U+0159 (decimal 345)
   defining Unicode char U+015A (decimal 346)
   defining Unicode char U+015B (decimal 347)
   defining Unicode char U+015E (decimal 350)
   defining Unicode char U+015F (decimal 351)
   defining Unicode char U+0160 (decimal 352)
   defining Unicode char U+0161 (decimal 353)
   defining Unicode char U+0162 (decimal 354)
   defining Unicode char U+0163 (decimal 355)
   defining Unicode char U+0164 (decimal 356)
   defining Unicode char U+0165 (decimal 357)
   defining Unicode char U+016E (decimal 366)
   defining Unicode char U+016F (decimal 367)
   defining Unicode char U+0170 (decimal 368)
   defining Unicode char U+0171 (decimal 369)
   defining Unicode char U+0178 (decimal 376)
   defining Unicode char U+0179 (decimal 377)
   defining Unicode char U+017A (decimal 378)
   defining Unicode char U+017B (decimal 379)
   defining Unicode char U+017C (decimal 380)
   defining Unicode char U+017D (decimal 381)
   defining Unicode char U+017E (decimal 382)
   defining Unicode char U+200C (decimal 8204)
   defining Unicode char U+2013 (decimal 8211)
   defining Unicode char U+2014 (decimal 8212)
   defining Unicode char U+2018 (decimal 8216)
   defining Unicode char U+2019 (decimal 8217)
   defining Unicode char U+201A (decimal 8218)
   defining Unicode char U+201C (decimal 8220)
   defining Unicode char U+201D (decimal 8221)
   defining Unicode char U+201E (decimal 8222)
   defining Unicode char U+2030 (decimal 8240)
   defining Unicode char U+2031 (decimal 8241)
   defining Unicode char U+2039 (decimal 8249)
   defining Unicode char U+203A (decimal 8250)
   defining Unicode char U+2423 (decimal 9251)
)
Now handling font encoding OT1 ...
... processing UTF-8 mapping file for font encoding OT1

(/usr/sepp1.5.1/drwho/pack-a/texlive-20150629-ro/texmf-dist/tex/latex/base/ot1e
nc.dfu
File: ot1enc.dfu 2014/09/29 v1.1m UTF-8 support for inputenc
   defining Unicode char U+00A1 (decimal 161)
   defining Unicode char U+00A3 (decimal 163)
   defining Unicode char U+00B8 (decimal 184)
   defining Unicode char U+00BF (decimal 191)
   defining Unicode char U+00C5 (decimal 197)
   defining Unicode char U+00C6 (decimal 198)
   defining Unicode char U+00D8 (decimal 216)
   defining Unicode char U+00DF (decimal 223)
   defining Unicode char U+00E6 (decimal 230)
   defining Unicode char U+00EC (decimal 236)
   defining Unicode char U+00ED (decimal 237)
   defining Unicode char U+00EE (decimal 238)
   defining Unicode char U+00EF (decimal 239)
   defining Unicode char U+00F8 (decimal 248)
   defining Unicode char U+0131 (decimal 305)
   defining Unicode char U+0141 (decimal 321)
   defining Unicode char U+0142 (decimal 322)
   defining Unicode char U+0152 (decimal 338)
   defining Unicode char U+0153 (decimal 339)
   defining Unicode char U+2013 (decimal 8211)
   defining Unicode char U+2014 (decimal 8212)
   defining Unicode char U+2018 (decimal 8216)
   defining Unicode char U+2019 (decimal 8217)
   defining Unicode char U+201C (decimal 8220)
   defining Unicode char U+201D (decimal 8221)
)
Now handling font encoding OMS ...
... processing UTF-8 mapping file for font encoding OMS

(/usr/sepp1.5.1/drwho/pack-a/texlive-20150629-ro/texmf-dist/tex/latex/base/omse
nc.dfu
File: omsenc.dfu 2014/09/29 v1.1m UTF-8 support for inputenc
   defining Unicode char U+00A7 (decimal 167)
   defining Unicode char U+00B6 (decimal 182)
   defining Unicode char U+00B7 (decimal 183)
   defining Unicode char U+2020 (decimal 8224)
   defining Unicode char U+2021 (decimal 8225)
   defining Unicode char U+2022 (decimal 8226)
)
Now handling font encoding OMX ...
... no UTF-8 mapping file for font encoding OMX
Now handling font encoding U ...
... no UTF-8 mapping file for font encoding U
   defining Unicode char U+00A9 (decimal 169)
   defining Unicode char U+00AA (decimal 170)
   defining Unicode char U+00AE (decimal 174)
   defining Unicode char U+00BA (decimal 186)
   defining Unicode char U+02C6 (decimal 710)
   defining Unicode char U+02DC (decimal 732)
   defining Unicode char U+200C (decimal 8204)
   defining Unicode char U+2026 (decimal 8230)
   defining Unicode char U+2122 (decimal 8482)
   defining Unicode char U+2423 (decimal 9251)
))
(/usr/sepp1.5.1/drwho/pack-a/texlive-20150629-ro/texmf-dist/tex/latex/amsmath/a
msmath.sty
Package: amsmath 2013/01/14 v2.14 AMS math features
\@mathmargin=\skip43

For additional information on amsmath, use the `?' option.

(/usr/sepp1.5.1/drwho/pack-a/texlive-20150629-ro/texmf-dist/tex/latex/amsmath/a
mstext.sty
Package: amstext 2000/06/29 v2.01

(/usr/sepp1.5.1/drwho/pack-a/texlive-20150629-ro/texmf-dist/tex/latex/amsmath/a
msgen.sty
File: amsgen.sty 1999/11/30 v2.0
\@emptytoks=\toks16
\ex@=\dimen103
))
(/usr/sepp1.5.1/drwho/pack-a/texlive-20150629-ro/texmf-dist/tex/latex/amsmath/a
msbsy.sty
Package: amsbsy 1999/11/29 v1.2d
\pmbraise@=\dimen104
)
(/usr/sepp1.5.1/drwho/pack-a/texlive-20150629-ro/texmf-dist/tex/latex/amsmath/a
msopn.sty
Package: amsopn 1999/12/14 v2.01 operator names
)
\inf@bad=\count87
LaTeX Info: Redefining \frac on input line 210.
\uproot@=\count88
\leftroot@=\count89
LaTeX Info: Redefining \overline on input line 306.
\classnum@=\count90
\DOTSCASE@=\count91
LaTeX Info: Redefining \ldots on input line 378.
LaTeX Info: Redefining \dots on input line 381.
LaTeX Info: Redefining \cdots on input line 466.
\Mathstrutbox@=\box26
\strutbox@=\box27
\big@size=\dimen105
LaTeX Font Info:    Redeclaring font encoding OML on input line 566.
LaTeX Font Info:    Redeclaring font encoding OMS on input line 567.
\macc@depth=\count92
\c@MaxMatrixCols=\count93
\dotsspace@=\muskip10
\c@parentequation=\count94
\dspbrk@lvl=\count95
\tag@help=\toks17
\row@=\count96
\column@=\count97
\maxfields@=\count98
\andhelp@=\toks18
\eqnshift@=\dimen106
\alignsep@=\dimen107
\tagshift@=\dimen108
\tagwidth@=\dimen109
\totwidth@=\dimen110
\lineht@=\dimen111
\@envbody=\toks19
\multlinegap=\skip44
\multlinetaggap=\skip45
\mathdisplay@stack=\toks20
LaTeX Info: Redefining \[ on input line 2665.
LaTeX Info: Redefining \] on input line 2666.
)
(/usr/sepp1.5.1/drwho/pack-a/texlive-20150629-ro/texmf-dist/tex/latex/amsfonts/
amsfonts.sty
Package: amsfonts 2013/01/14 v3.01 Basic AMSFonts support
\symAMSa=\mathgroup4
\symAMSb=\mathgroup5
LaTeX Font Info:    Overwriting math alphabet `\mathfrak' in version `bold'
(Font)                  U/euf/m/n --> U/euf/b/n on input line 106.
)
(/usr/sepp1.5.1/drwho/pack-a/texlive-20150629-ro/texmf-dist/tex/latex/amsfonts/
amssymb.sty
Package: amssymb 2013/01/14 v3.01 AMS font symbols
)
(/usr/sepp1.5.1/drwho/pack-a/texlive-20150629-ro/texmf-dist/tex/latex/graphics/
graphicx.sty
Package: graphicx 2014/10/28 v1.0g Enhanced LaTeX Graphics (DPC,SPQR)

(/usr/sepp1.5.1/drwho/pack-a/texlive-20150629-ro/texmf-dist/tex/latex/graphics/
keyval.sty
Package: keyval 2014/10/28 v1.15 key=value parser (DPC)
\KV@toks@=\toks21
)
(/usr/sepp1.5.1/drwho/pack-a/texlive-20150629-ro/texmf-dist/tex/latex/graphics/
graphics.sty
Package: graphics 2014/10/28 v1.0p Standard LaTeX Graphics (DPC,SPQR)

(/usr/sepp1.5.1/drwho/pack-a/texlive-20150629-ro/texmf-dist/tex/latex/graphics/
trig.sty
Package: trig 1999/03/16 v1.09 sin cos tan (DPC)
)
(/usr/sepp1.5.1/drwho/pack-a/texlive-20150629-ro/texmf-dist/tex/latex/latexconf
ig/graphics.cfg
File: graphics.cfg 2010/04/23 v1.9 graphics configuration of TeX Live
)
Package graphics Info: Driver file: pdftex.def on input line 94.

(/usr/sepp1.5.1/drwho/pack-a/texlive-20150629-ro/texmf-dist/tex/latex/pdftex-de
f/pdftex.def
File: pdftex.def 2011/05/27 v0.06d Graphics/color for pdfTeX

(/usr/sepp1.5.1/drwho/pack-a/texlive-20150629-ro/texmf-dist/tex/generic/oberdie
k/infwarerr.sty
Package: infwarerr 2010/04/08 v1.3 Providing info/warning/error messages (HO)
)
(/usr/sepp1.5.1/drwho/pack-a/texlive-20150629-ro/texmf-dist/tex/generic/oberdie
k/ltxcmds.sty
Package: ltxcmds 2011/11/09 v1.22 LaTeX kernel commands for general use (HO)
)
\Gread@gobject=\count99
))
\Gin@req@height=\dimen112
\Gin@req@width=\dimen113
)
(/usr/sepp1.5.1/drwho/pack-a/texlive-20150629-ro/texmf-dist/tex/latex/amscls/am
sthm.sty
Package: amsthm 2015/03/04 v2.20.2
\thm@style=\toks22
\thm@bodyfont=\toks23
\thm@headfont=\toks24
\thm@notefont=\toks25
\thm@headpunct=\toks26
\thm@preskip=\skip46
\thm@postskip=\skip47
\thm@headsep=\skip48
\dth@everypar=\toks27
)
(/usr/sepp1.5.1/drwho/pack-a/texlive-20150629-ro/texmf-dist/tex/latex/isodate/i
sodate.sty
Package: isodate 2010/01/03 v2.30 Print dates with different formats (HH)

(/usr/sepp1.5.1/drwho/pack-a/texlive-20150629-ro/texmf-dist/tex/latex/base/ifth
en.sty
Package: ifthen 2014/09/29 v1.1c Standard LaTeX ifthen package (DPC)
)
(/usr/sepp1.5.1/drwho/pack-a/texlive-20150629-ro/texmf-dist/tex/latex/substr/su
bstr.sty
Package: substr 2009/10/20 v1.2 Handle substrings
\c@su@anzahl=\count100
)
(/usr/sepp1.5.1/drwho/pack-a/texlive-20150629-ro/texmf-dist/tex/latex/isodate/e
nglish.idf
File: english.idf 2010/01/03 v2.30 Language definitions for isodate package (HH
)

Define commands for English date format
)
\c@iso@tmpmonth=\count101
\c@iso@yeartwo=\count102
\c@iso@slash=\count103
\c@iso@minus=\count104
\c@iso@dot=\count105
\c@iso@@slash=\count106
\c@iso@@minus=\count107
\c@iso@@dot=\count108
)
\c@lem=\count109
\c@thm=\count110
\c@prop=\count111
\c@cor=\count112
\c@defn=\count113
\c@exmp=\count114
\c@rem=\count115
 (./summary.aux)
\openout1 = `summary.aux'.

LaTeX Font Info:    Checking defaults for OML/cmm/m/it on input line 24.
LaTeX Font Info:    ... okay on input line 24.
LaTeX Font Info:    Checking defaults for T1/cmr/m/n on input line 24.
LaTeX Font Info:    ... okay on input line 24.
LaTeX Font Info:    Checking defaults for OT1/cmr/m/n on input line 24.
LaTeX Font Info:    ... okay on input line 24.
LaTeX Font Info:    Checking defaults for OMS/cmsy/m/n on input line 24.
LaTeX Font Info:    ... okay on input line 24.
LaTeX Font Info:    Checking defaults for OMX/cmex/m/n on input line 24.
LaTeX Font Info:    ... okay on input line 24.
LaTeX Font Info:    Checking defaults for U/cmr/m/n on input line 24.
LaTeX Font Info:    ... okay on input line 24.

(/usr/sepp1.5.1/drwho/pack-a/texlive-20150629-ro/texmf-dist/tex/context/base/su
pp-pdf.mkii
[Loading MPS to PDF converter (version 2006.09.02).]
\scratchcounter=\count116
\scratchdimen=\dimen114
\scratchbox=\box28
\nofMPsegments=\count117
\nofMParguments=\count118
\everyMPshowfont=\toks28
\MPscratchCnt=\count119
\MPscratchDim=\dimen115
\MPnumerator=\count120
\makeMPintoPDFobject=\count121
\everyMPtoPDFconversion=\toks29
)
(/usr/sepp1.5.1/drwho/pack-a/texlive-20150629-ro/texmf-dist/tex/generic/oberdie
k/pdftexcmds.sty
Package: pdftexcmds 2011/11/29 v0.20 Utility functions of pdfTeX for LuaTeX (HO
)

(/usr/sepp1.5.1/drwho/pack-a/texlive-20150629-ro/texmf-dist/tex/generic/oberdie
k/ifluatex.sty
Package: ifluatex 2010/03/01 v1.3 Provides the ifluatex switch (HO)
Package ifluatex Info: LuaTeX not detected.
)
(/usr/sepp1.5.1/drwho/pack-a/texlive-20150629-ro/texmf-dist/tex/generic/oberdie
k/ifpdf.sty
Package: ifpdf 2011/01/30 v2.3 Provides the ifpdf switch (HO)
Package ifpdf Info: pdfTeX in PDF mode is detected.
)
Package pdftexcmds Info: LuaTeX not detected.
Package pdftexcmds Info: \pdf@primitive is available.
Package pdftexcmds Info: \pdf@ifprimitive is available.
Package pdftexcmds Info: \pdfdraftmode found.
)
(/usr/sepp1.5.1/drwho/pack-a/texlive-20150629-ro/texmf-dist/tex/latex/oberdiek/
epstopdf-base.sty
Package: epstopdf-base 2010/02/09 v2.5 Base part for package epstopdf

(/usr/sepp1.5.1/drwho/pack-a/texlive-20150629-ro/texmf-dist/tex/latex/oberdiek/
grfext.sty
Package: grfext 2010/08/19 v1.1 Manage graphics extensions (HO)

(/usr/sepp1.5.1/drwho/pack-a/texlive-20150629-ro/texmf-dist/tex/generic/oberdie
k/kvdefinekeys.sty
Package: kvdefinekeys 2011/04/07 v1.3 Define keys (HO)
))
(/usr/sepp1.5.1/drwho/pack-a/texlive-20150629-ro/texmf-dist/tex/latex/oberdiek/
kvoptions.sty
Package: kvoptions 2011/06/30 v3.11 Key value format for package options (HO)

(/usr/sepp1.5.1/drwho/pack-a/texlive-20150629-ro/texmf-dist/tex/generic/oberdie
k/kvsetkeys.sty
Package: kvsetkeys 2012/04/25 v1.16 Key value parser (HO)

(/usr/sepp1.5.1/drwho/pack-a/texlive-20150629-ro/texmf-dist/tex/generic/oberdie
k/etexcmds.sty
Package: etexcmds 2011/02/16 v1.5 Avoid name clashes with e-TeX commands (HO)
Package etexcmds Info: Could not find \expanded.
(etexcmds)             That can mean that you are not using pdfTeX 1.50 or
(etexcmds)             that some package has redefined \expanded.
(etexcmds)             In the latter case, load this package earlier.
)))
Package grfext Info: Graphics extension search list:
(grfext)             [.png,.pdf,.jpg,.mps,.jpeg,.jbig2,.jb2,.PNG,.PDF,.JPG,.JPE
G,.JBIG2,.JB2,.eps]
(grfext)             \AppendGraphicsExtensions on input line 452.

(/usr/sepp1.5.1/drwho/pack-a/texlive-20150629-ro/texmf-dist/tex/latex/latexconf
ig/epstopdf-sys.cfg
File: epstopdf-sys.cfg 2010/07/13 v1.3 Configuration of (r)epstopdf for TeX Liv
e
))
isodate: babel.sty, (n)german.sty have not been loaded
LaTeX Font Info:    Try loading font information for U+msa on input line 28.

(/usr/sepp1.5.1/drwho/pack-a/texlive-20150629-ro/texmf-dist/tex/latex/amsfonts/
umsa.fd
File: umsa.fd 2013/01/14 v3.01 AMS symbols A
)
LaTeX Font Info:    Try loading font information for U+msb on input line 28.

(/usr/sepp1.5.1/drwho/pack-a/texlive-20150629-ro/texmf-dist/tex/latex/amsfonts/
umsb.fd
File: umsb.fd 2013/01/14 v3.01 AMS symbols B
)
Underfull \hbox (badness 10000) in paragraph at lines 26--29

 []


Overfull \hbox (2.65839pt too wide) in paragraph at lines 38--39
[]\OT1/cmr/m/n/10.95 H^^?older's in-equal-ity is the rea-son why prob-a-bil-ity
 the-ory be-haves "nicer"
 []

[1

{/usr/sepp1.5.1/drwho/pack-a/texlive-20150629-ro/texmf-var/fonts/map/pdftex/upd
map/pdftex.map}]
Overfull \hbox (14.37947pt too wide) in paragraph at lines 79--80
\OT1/cmr/bx/n/10.95 Theorem 2.2 \OT1/cmr/m/n/10.95 (Mar-tin-gale con-ver-gence 
The-o-rem)\OT1/cmr/bx/n/10.95 . \OT1/cmr/m/it/10.95 Let $\OML/cmm/m/it/10.95 X$
 \OT1/cmr/m/it/10.95 be a super-martingale
 []

[2] [3] [4]
Underfull \hbox (badness 10000) in paragraph at lines 179--184

 []


Underfull \hbox (badness 10000) in paragraph at lines 179--184

 []

[5] [6] [7]
Overfull \hbox (12.58578pt too wide) in paragraph at lines 254--255
[]\OT1/cmr/m/n/10.95 Here $(\OML/cmm/m/it/10.95 ^^V[]\OT1/cmr/m/n/10.95 )[]$ is
 called the col-lec-tion of fi-nite di-men-sional marginal
 []

[8]
Overfull \hbox (9.50034pt too wide) in paragraph at lines 279--280
\OT1/cmr/m/it/10.95 there ex-ists a mea-sur-able map $\OML/cmm/m/it/10.95 Q \OT
1/cmr/m/n/10.95 : \OMS/cmsy/m/n/10.95 H ! M\OT1/cmr/m/n/10.95 (\OMS/cmsy/m/n/10
.95 H\OT1/cmr/m/n/10.95 ) := \OMS/cmsy/m/n/10.95 f[]Hg$
 []


Overfull \hbox (27.87799pt too wide) in paragraph at lines 290--290
[] 
 []

[9] [10] [11] [12] [13] [14] [15] (./summary.aux) ) 
Here is how much of TeX's memory you used:
 2989 strings out of 493089
 40959 string characters out of 6124096
 106660 words of memory out of 5000000
 6413 multiletter control sequences out of 15000+600000
 11498 words of font info for 43 fonts, out of 8000000 for 9000
 1141 hyphenation exceptions out of 8191
 38i,20n,24p,538b,339s stack positions out of 5000i,500n,10000p,200000b,80000s
</usr/sepp1.5.1/drwho/pack-a
/texlive-20150629-ro/texmf-dist/fonts/type1/public/amsfonts/cm/cmbx10.pfb></usr
/sepp1.5.1/drwho/pack-a/texlive-20150629-ro/texmf-dist/fonts/type1/public/amsfo
nts/cm/cmbx12.pfb></usr/sepp1.5.1/drwho/pack-a/texlive-20150629-ro/texmf-dist/f
onts/type1/public/amsfonts/cm/cmex10.pfb></usr/sepp1.5.1/drwho/pack-a/texlive-2
0150629-ro/texmf-dist/fonts/type1/public/amsfonts/cmextra/cmex8.pfb></usr/sepp1
.5.1/drwho/pack-a/texlive-20150629-ro/texmf-dist/fonts/type1/public/amsfonts/cm
/cmmi10.pfb></usr/sepp1.5.1/drwho/pack-a/texlive-20150629-ro/texmf-dist/fonts/t
ype1/public/amsfonts/cm/cmmi6.pfb></usr/sepp1.5.1/drwho/pack-a/texlive-20150629
-ro/texmf-dist/fonts/type1/public/amsfonts/cm/cmmi8.pfb></usr/sepp1.5.1/drwho/p
ack-a/texlive-20150629-ro/texmf-dist/fonts/type1/public/amsfonts/cm/cmr10.pfb><
/usr/sepp1.5.1/drwho/pack-a/texlive-20150629-ro/texmf-dist/fonts/type1/public/a
msfonts/cm/cmr6.pfb></usr/sepp1.5.1/drwho/pack-a/texlive-20150629-ro/texmf-dist
/fonts/type1/public/amsfonts/cm/cmr8.pfb></usr/sepp1.5.1/drwho/pack-a/texlive-2
0150629-ro/texmf-dist/fonts/type1/public/amsfonts/cm/cmsy10.pfb></usr/sepp1.5.1
/drwho/pack-a/texlive-20150629-ro/texmf-dist/fonts/type1/public/amsfonts/cm/cms
y6.pfb></usr/sepp1.5.1/drwho/pack-a/texlive-20150629-ro/texmf-dist/fonts/type1/
public/amsfonts/cm/cmsy8.pfb></usr/sepp1.5.1/drwho/pack-a/texlive-20150629-ro/t
exmf-dist/fonts/type1/public/amsfonts/cm/cmti10.pfb></usr/sepp1.5.1/drwho/pack-
a/texlive-20150629-ro/texmf-dist/fonts/type1/public/amsfonts/symbols/msbm10.pfb
>
Output written on summary.pdf (15 pages, 224242 bytes).
PDF statistics:
 113 PDF objects out of 1000 (max. 8388607)
 80 compressed objects within 1 object stream
 0 named destinations out of 1000 (max. 500000)
 1 words of extra memory for PDF output out of 10000 (max. 10000000)

